<?xml version="1.0" encoding="UTF-8"?>
<!DOCTYPE beans PUBLIC "-//SPRING//DTD BEAN 2.0//EN" "https://www.springframework.org/dtd/spring-beans-2.0.dtd">

<beans>

	<!--
		Whacky error codes for testing
		-->
  <bean id="Oracle" class="org.springframework.jdbc.support.SQLErrorCodes">
    <property name="badSqlGrammarCodes"><value>1,2</value></property>
    <property name="dataIntegrityViolationCodes"><value>1,1400,1722</value></property>
  </bean>

</beans>
